c:\users\changyong\desktop\용용\게임아트학원\winapi_180212_chessgame\winapi_180212_chessgame\debug\vc140.pdb
c:\users\changyong\desktop\용용\게임아트학원\winapi_180212_chessgame\winapi_180212_chessgame\debug\vc140.idb
c:\users\changyong\desktop\용용\게임아트학원\winapi_180212_chessgame\winapi_180212_chessgame\debug\main.obj
c:\users\changyong\desktop\용용\게임아트학원\winapi_180212_chessgame\winapi_180212_chessgame\debug\gamemanager.obj
c:\users\changyong\desktop\용용\게임아트학원\winapi_180212_chessgame\winapi_180212_chessgame\debug\bitmap.obj
c:\users\changyong\desktop\용용\게임아트학원\winapi_180212_chessgame\winapi_180212_chessgame\debug\chessman_b.obj
c:\users\changyong\desktop\용용\게임아트학원\winapi_180212_chessgame\winapi_180212_chessgame\debug\chessman_block.obj
c:\users\changyong\desktop\용용\게임아트학원\winapi_180212_chessgame\winapi_180212_chessgame\debug\chessman_range.obj
c:\users\changyong\desktop\용용\게임아트학원\winapi_180212_chessgame\winapi_180212_chessgame\debug\chessman_w.obj
c:\users\changyong\desktop\용용\게임아트학원\winapi_180212_chessgame\winapi_180212_chessgame\debug\resmanager.obj
c:\users\changyong\desktop\용용\게임아트학원\winapi_180212_chessgame\debug\winapi_180212_chessgame.ilk
c:\users\changyong\desktop\용용\게임아트학원\winapi_180212_chessgame\debug\winapi_180212_chessgame.exe
c:\users\changyong\desktop\용용\게임아트학원\winapi_180212_chessgame\debug\winapi_180212_chessgame.pdb
c:\users\changyong\desktop\용용\게임아트학원\winapi_180212_chessgame\winapi_180212_chessgame\debug\winapi_180212_chessgame.res
c:\users\changyong\desktop\용용\게임아트학원\winapi_180212_chessgame\winapi_180212_chessgame\debug\winapi_1.24df48d1.tlog\cl.command.1.tlog
c:\users\changyong\desktop\용용\게임아트학원\winapi_180212_chessgame\winapi_180212_chessgame\debug\winapi_1.24df48d1.tlog\cl.read.1.tlog
c:\users\changyong\desktop\용용\게임아트학원\winapi_180212_chessgame\winapi_180212_chessgame\debug\winapi_1.24df48d1.tlog\cl.write.1.tlog
c:\users\changyong\desktop\용용\게임아트학원\winapi_180212_chessgame\winapi_180212_chessgame\debug\winapi_1.24df48d1.tlog\link.command.1.tlog
c:\users\changyong\desktop\용용\게임아트학원\winapi_180212_chessgame\winapi_180212_chessgame\debug\winapi_1.24df48d1.tlog\link.read.1.tlog
c:\users\changyong\desktop\용용\게임아트학원\winapi_180212_chessgame\winapi_180212_chessgame\debug\winapi_1.24df48d1.tlog\link.write.1.tlog
c:\users\changyong\desktop\용용\게임아트학원\winapi_180212_chessgame\winapi_180212_chessgame\debug\winapi_1.24df48d1.tlog\rc.command.1.tlog
c:\users\changyong\desktop\용용\게임아트학원\winapi_180212_chessgame\winapi_180212_chessgame\debug\winapi_1.24df48d1.tlog\rc.read.1.tlog
c:\users\changyong\desktop\용용\게임아트학원\winapi_180212_chessgame\winapi_180212_chessgame\debug\winapi_1.24df48d1.tlog\rc.write.1.tlog
