  Venezia_Game.cpp
d:\게임아트학원\170908\170908\venezia_game.cpp(19): warning C4101: 'f' :참조되지 않은 지역 변수입니다.
  Total_Score.cpp
d:\게임아트학원\170908\170908\total_score.cpp(12): warning C4996: 'fopen': This function or variable may be unsafe. Consider using fopen_s instead. To disable deprecation, use _CRT_SECURE_NO_WARNINGS. See online help for details.
  c:\program files (x86)\windows kits\10\include\10.0.10240.0\ucrt\stdio.h(205): note: 'fopen' 선언을 참조하십시오.
d:\게임아트학원\170908\170908\total_score.cpp(15): warning C4996: 'fscanf': This function or variable may be unsafe. Consider using fscanf_s instead. To disable deprecation, use _CRT_SECURE_NO_WARNINGS. See online help for details.
  c:\program files (x86)\windows kits\10\include\10.0.10240.0\ucrt\stdio.h(1193): note: 'fscanf' 선언을 참조하십시오.
d:\게임아트학원\170908\170908\total_score.cpp(44): warning C4996: 'fopen': This function or variable may be unsafe. Consider using fopen_s instead. To disable deprecation, use _CRT_SECURE_NO_WARNINGS. See online help for details.
  c:\program files (x86)\windows kits\10\include\10.0.10240.0\ucrt\stdio.h(205): note: 'fopen' 선언을 참조하십시오.
  코드를 생성하고 있습니다...
  컴파일하고 있습니다...
  Life.cpp
d:\게임아트학원\170908\170908\life.cpp(15): warning C4838: 'int'에서 'SHORT'(으)로의 변환에는 축소 변환이 필요합니다.
d:\게임아트학원\170908\170908\life.cpp(52): warning C4996: 'localtime': This function or variable may be unsafe. Consider using localtime_s instead. To disable deprecation, use _CRT_SECURE_NO_WARNINGS. See online help for details.
  c:\program files (x86)\windows kits\10\include\10.0.10240.0\ucrt\time.h(505): note: 'localtime' 선언을 참조하십시오.
  Game.cpp
d:\게임아트학원\170908\170908\game.cpp(20): warning C4838: 'int'에서 'SHORT'(으)로의 변환에는 축소 변환이 필요합니다.
d:\게임아트학원\170908\170908\game.cpp(84): warning C4996: 'localtime': This function or variable may be unsafe. Consider using localtime_s instead. To disable deprecation, use _CRT_SECURE_NO_WARNINGS. See online help for details.
  c:\program files (x86)\windows kits\10\include\10.0.10240.0\ucrt\time.h(505): note: 'localtime' 선언을 참조하십시오.
d:\게임아트학원\170908\170908\game.cpp(81): warning C4101: 'f' :참조되지 않은 지역 변수입니다.
d:\게임아트학원\170908\170908\game.cpp(108): warning C4996: 'kbhit': The POSIX name for this item is deprecated. Instead, use the ISO C and C++ conformant name: _kbhit. See online help for details.
  c:\program files (x86)\windows kits\10\include\10.0.10240.0\ucrt\conio.h(458): note: 'kbhit' 선언을 참조하십시오.
d:\게임아트학원\170908\170908\game.cpp(111): warning C4996: 'getche': The POSIX name for this item is deprecated. Instead, use the ISO C and C++ conformant name: _getche. See online help for details.
  c:\program files (x86)\windows kits\10\include\10.0.10240.0\ucrt\conio.h(455): note: 'getche' 선언을 참조하십시오.
d:\게임아트학원\170908\170908\game.cpp(201): warning C4996: 'fopen': This function or variable may be unsafe. Consider using fopen_s instead. To disable deprecation, use _CRT_SECURE_NO_WARNINGS. See online help for details.
  c:\program files (x86)\windows kits\10\include\10.0.10240.0\ucrt\stdio.h(205): note: 'fopen' 선언을 참조하십시오.
d:\게임아트학원\170908\170908\game.cpp(207): warning C4996: 'fscanf': This function or variable may be unsafe. Consider using fscanf_s instead. To disable deprecation, use _CRT_SECURE_NO_WARNINGS. See online help for details.
  c:\program files (x86)\windows kits\10\include\10.0.10240.0\ucrt\stdio.h(1193): note: 'fscanf' 선언을 참조하십시오.
d:\게임아트학원\170908\170908\game.cpp(213): warning C4996: 'fscanf': This function or variable may be unsafe. Consider using fscanf_s instead. To disable deprecation, use _CRT_SECURE_NO_WARNINGS. See online help for details.
  c:\program files (x86)\windows kits\10\include\10.0.10240.0\ucrt\stdio.h(1193): note: 'fscanf' 선언을 참조하십시오.
d:\게임아트학원\170908\170908\game.cpp(239): warning C4996: 'localtime': This function or variable may be unsafe. Consider using localtime_s instead. To disable deprecation, use _CRT_SECURE_NO_WARNINGS. See online help for details.
  c:\program files (x86)\windows kits\10\include\10.0.10240.0\ucrt\time.h(505): note: 'localtime' 선언을 참조하십시오.
  코드를 생성하고 있습니다...
  170908.vcxproj -> D:\게임아트학원\170908\Debug\170908.exe
  170908.vcxproj -> D:\게임아트학원\170908\Debug\170908.pdb (Full PDB)
