c:\users\changyong\desktop\용용\게임아트학원\chanranhan\winapi_180306__minesweeper\winapi_180306__minesweeper\debug\vc140.pdb
c:\users\changyong\desktop\용용\게임아트학원\chanranhan\winapi_180306__minesweeper\winapi_180306__minesweeper\debug\vc140.idb
c:\users\changyong\desktop\용용\게임아트학원\chanranhan\winapi_180306__minesweeper\winapi_180306__minesweeper\debug\bitmap.obj
c:\users\changyong\desktop\용용\게임아트학원\chanranhan\winapi_180306__minesweeper\winapi_180306__minesweeper\debug\block.obj
c:\users\changyong\desktop\용용\게임아트학원\chanranhan\winapi_180306__minesweeper\winapi_180306__minesweeper\debug\gamemanager.obj
c:\users\changyong\desktop\용용\게임아트학원\chanranhan\winapi_180306__minesweeper\winapi_180306__minesweeper\debug\main.obj
c:\users\changyong\desktop\용용\게임아트학원\chanranhan\winapi_180306__minesweeper\winapi_180306__minesweeper\debug\resmanager.obj
c:\users\changyong\desktop\용용\게임아트학원\chanranhan\winapi_180306__minesweeper\debug\winapi_180306__minesweeper.ilk
c:\users\changyong\desktop\용용\게임아트학원\chanranhan\winapi_180306__minesweeper\debug\winapi_180306__minesweeper.exe
c:\users\changyong\desktop\용용\게임아트학원\chanranhan\winapi_180306__minesweeper\debug\winapi_180306__minesweeper.pdb
c:\users\changyong\desktop\용용\게임아트학원\chanranhan\winapi_180306__minesweeper\winapi_180306__minesweeper\debug\winapi_180306__minesweeper.res
c:\users\changyong\desktop\용용\게임아트학원\chanranhan\winapi_180306__minesweeper\winapi_180306__minesweeper\debug\winapi_1.f3aba7db.tlog\cl.command.1.tlog
c:\users\changyong\desktop\용용\게임아트학원\chanranhan\winapi_180306__minesweeper\winapi_180306__minesweeper\debug\winapi_1.f3aba7db.tlog\cl.read.1.tlog
c:\users\changyong\desktop\용용\게임아트학원\chanranhan\winapi_180306__minesweeper\winapi_180306__minesweeper\debug\winapi_1.f3aba7db.tlog\cl.write.1.tlog
c:\users\changyong\desktop\용용\게임아트학원\chanranhan\winapi_180306__minesweeper\winapi_180306__minesweeper\debug\winapi_1.f3aba7db.tlog\link.command.1.tlog
c:\users\changyong\desktop\용용\게임아트학원\chanranhan\winapi_180306__minesweeper\winapi_180306__minesweeper\debug\winapi_1.f3aba7db.tlog\link.read.1.tlog
c:\users\changyong\desktop\용용\게임아트학원\chanranhan\winapi_180306__minesweeper\winapi_180306__minesweeper\debug\winapi_1.f3aba7db.tlog\link.write.1.tlog
c:\users\changyong\desktop\용용\게임아트학원\chanranhan\winapi_180306__minesweeper\winapi_180306__minesweeper\debug\winapi_1.f3aba7db.tlog\rc.command.1.tlog
c:\users\changyong\desktop\용용\게임아트학원\chanranhan\winapi_180306__minesweeper\winapi_180306__minesweeper\debug\winapi_1.f3aba7db.tlog\rc.read.1.tlog
c:\users\changyong\desktop\용용\게임아트학원\chanranhan\winapi_180306__minesweeper\winapi_180306__minesweeper\debug\winapi_1.f3aba7db.tlog\rc.write.1.tlog
